<?xml version="1.0" encoding="UTF-8"?>
<!-- Generated by org.testng.reporters.JUnitXMLReporter -->
<testsuite ignored="3" hostname="LAPTOP-BDUVLNVT" failures="0" tests="1" name="Default test" time="0.593" errors="0" timestamp="2024-02-18T17:51:26 IST">
  <testcase classname="session6.day_2" name="postRequestfile" time="0.053"/>
  <testcase classname="session6.day_2" name="postRequestUsingJsonObject" time="0.0">
    <ignored/>
  </testcase> <!-- postRequestUsingJsonObject -->
  <testcase classname="session6.day_2" name="postRequestPOJO" time="0.0">
    <ignored/>
  </testcase> <!-- postRequestPOJO -->
  <testcase classname="session6.day_2" name="postRequestUsingHashmap" time="0.0">
    <ignored/>
  </testcase> <!-- postRequestUsingHashmap -->
</testsuite> <!-- Default test -->
