<?xml version="1.0" encoding="UTF-8"?>
<!-- Generated by org.testng.reporters.JUnitXMLReporter -->
<testsuite ignored="3" hostname="LAPTOP-BDUVLNVT" failures="0" tests="1" name="Default test" time="4.128" errors="0" timestamp="2024-01-04T16:46:58 IST">
  <testcase classname="session4.Authentication_Study" name="token" time="4.061"/>
  <testcase classname="session4.Authentication_Study" name="basicAuth1" time="0.0">
    <ignored/>
  </testcase> <!-- basicAuth1 -->
  <testcase classname="session4.Authentication_Study" name="digestAuth" time="0.0">
    <ignored/>
  </testcase> <!-- digestAuth -->
  <testcase classname="session4.Authentication_Study" name="basicAuth" time="0.0">
    <ignored/>
  </testcase> <!-- basicAuth -->
</testsuite> <!-- Default test -->
