<?xml version="1.0" encoding="UTF-8"?>
<testng-results ignored="3" total="4" passed="1" failed="0" skipped="0">
  <reporter-output>
  </reporter-output>
  <suite started-at="2024-02-18T17:51:25 IST" name="Default suite" finished-at="2024-02-18T17:51:25 IST" duration-ms="593">
    <groups>
    </groups>
    <test started-at="2024-02-18T17:51:25 IST" name="Default test" finished-at="2024-02-18T17:51:25 IST" duration-ms="593">
      <class name="session6.day_2">
        <test-method signature="postRequestfile()[pri:0, instance:session6.day_2@61884cb1]" started-at="2024-02-18T17:51:25 IST" name="postRequestfile" finished-at="2024-02-18T17:51:25 IST" duration-ms="53" status="PASS">
          <reporter-output>
          </reporter-output>
        </test-method> <!-- postRequestfile -->
      </class> <!-- session6.day_2 -->
    </test> <!-- Default test -->
  </suite> <!-- Default suite -->
</testng-results>
